Using pre-set license
Built from '2021.3/staging' branch; Version is '2021.3.35f1 (157b46ce122a) revision 1407814'; Using compiler version '192829333'; Build Type 'Release'
OS: 'Windows 10  (10.0.19045) 64bit Professional' Language: 'en' Physical Memory: 32716 MB
BatchMode: 1, IsHumanControllingUs: 0, StartBugReporterOnCrash: 0, Is64bit: 1, IsPro: 1

COMMAND LINE ARGUMENTS:
C:\Program Files\Unity 2021.3.35f1\Editor\Unity.exe
-adb2
-batchMode
-noUpm
-name
AssetImportWorker7
-projectPath
C:/Users/Shinobu/Downloads/Compressed/Mega-Cat-Dev-Screening/Mega-Cat-Dev-Screening
-logFile
Logs/AssetImportWorker7.log
-srvPort
55947
Successfully changed project path to: C:/Users/Shinobu/Downloads/Compressed/Mega-Cat-Dev-Screening/Mega-Cat-Dev-Screening
C:/Users/Shinobu/Downloads/Compressed/Mega-Cat-Dev-Screening/Mega-Cat-Dev-Screening
[UnityMemory] Configuration Parameters - Can be set up in boot.config
    "memorysetup-bucket-allocator-granularity=16"
    "memorysetup-bucket-allocator-bucket-count=8"
    "memorysetup-bucket-allocator-block-size=33554432"
    "memorysetup-bucket-allocator-block-count=8"
    "memorysetup-main-allocator-block-size=16777216"
    "memorysetup-thread-allocator-block-size=16777216"
    "memorysetup-gfx-main-allocator-block-size=16777216"
    "memorysetup-gfx-thread-allocator-block-size=16777216"
    "memorysetup-cache-allocator-block-size=4194304"
    "memorysetup-typetree-allocator-block-size=2097152"
    "memorysetup-profiler-bucket-allocator-granularity=16"
    "memorysetup-profiler-bucket-allocator-bucket-count=8"
    "memorysetup-profiler-bucket-allocator-block-size=33554432"
    "memorysetup-profiler-bucket-allocator-block-count=8"
    "memorysetup-profiler-allocator-block-size=16777216"
    "memorysetup-profiler-editor-allocator-block-size=1048576"
    "memorysetup-temp-allocator-size-main=16777216"
    "memorysetup-job-temp-allocator-block-size=2097152"
    "memorysetup-job-temp-allocator-block-size-background=1048576"
    "memorysetup-job-temp-allocator-reduction-small-platforms=262144"
    "memorysetup-temp-allocator-size-background-worker=32768"
    "memorysetup-temp-allocator-size-job-worker=262144"
    "memorysetup-temp-allocator-size-preload-manager=33554432"
    "memorysetup-temp-allocator-size-nav-mesh-worker=65536"
    "memorysetup-temp-allocator-size-audio-worker=65536"
    "memorysetup-temp-allocator-size-cloud-worker=32768"
    "memorysetup-temp-allocator-size-gi-baking-worker=262144"
    "memorysetup-temp-allocator-size-gfx=262144"
Player connection [13916] Host "[IP] 192.168.1.6 [Port] 0 [Flags] 2 [Guid] 2596858390 [EditorId] 2596858390 [Version] 1048832 [Id] WindowsEditor(7,DESKTOP-H8SGABQ) [Debug] 1 [PackageName] WindowsEditor [ProjectName] Editor" joined multi-casting on [225.0.0.222:54997]...

Player connection [13916] Host "[IP] 192.168.1.6 [Port] 0 [Flags] 2 [Guid] 2596858390 [EditorId] 2596858390 [Version] 1048832 [Id] WindowsEditor(7,DESKTOP-H8SGABQ) [Debug] 1 [PackageName] WindowsEditor [ProjectName] Editor" joined alternative multi-casting on [225.0.0.222:34997]...

[Physics::Module] Initialized MultithreadedJobDispatcher with {0} workers.
Refreshing native plugins compatible for Editor in 108.44 ms, found 3 plugins.
Preloading 0 native plugins for Editor in 0.00 ms.
Initialize engine version: 2021.3.35f1 (157b46ce122a)
[Subsystems] Discovering subsystems at path C:/Program Files/Unity 2021.3.35f1/Editor/Data/Resources/UnitySubsystems
[Subsystems] Discovering subsystems at path C:/Users/Shinobu/Downloads/Compressed/Mega-Cat-Dev-Screening/Mega-Cat-Dev-Screening/Assets
GfxDevice: creating device client; threaded=0; jobified=0
Direct3D:
    Version:  Direct3D 11.0 [level 11.1]
    Renderer: NVIDIA GeForce GTX 1660 SUPER (ID=0x21c4)
    Vendor:   NVIDIA
    VRAM:     5966 MB
    Driver:   31.0.15.5212
Initialize mono
Mono path[0] = 'C:/Program Files/Unity 2021.3.35f1/Editor/Data/Managed'
Mono path[1] = 'C:/Program Files/Unity 2021.3.35f1/Editor/Data/MonoBleedingEdge/lib/mono/unityjit-win32'
Mono config path = 'C:/Program Files/Unity 2021.3.35f1/Editor/Data/MonoBleedingEdge/etc'
Using monoOptions --debugger-agent=transport=dt_socket,embedding=1,server=y,suspend=n,address=127.0.0.1:56476
Begin MonoManager ReloadAssembly
Registering precompiled unity dll's ...
Register platform support module: C:/Program Files/Unity 2021.3.35f1/Editor/Data/PlaybackEngines/WindowsStandaloneSupport/UnityEditor.WindowsStandalone.Extensions.dll
Registered in 0.009135 seconds.
Native extension for WindowsStandalone target not found
Refreshing native plugins compatible for Editor in 90.20 ms, found 3 plugins.
Preloading 0 native plugins for Editor in 0.00 ms.
Mono: successfully reloaded assembly
- Completed reload, in  0.853 seconds
Domain Reload Profiling:
	ReloadAssembly (854ms)
		BeginReloadAssembly (133ms)
			ExecutionOrderSort (0ms)
			DisableScriptedObjects (0ms)
			BackupInstance (0ms)
			ReleaseScriptingObjects (0ms)
			CreateAndSetChildDomain (1ms)
		EndReloadAssembly (582ms)
			LoadAssemblies (129ms)
			RebuildTransferFunctionScriptingTraits (0ms)
			SetupTypeCache (137ms)
			ReleaseScriptCaches (0ms)
			RebuildScriptCaches (33ms)
			SetupLoadedEditorAssemblies (354ms)
				LogAssemblyErrors (0ms)
				InitializePlatformSupportModulesInManaged (10ms)
				SetLoadedEditorAssemblies (0ms)
				RefreshPlugins (90ms)
				BeforeProcessingInitializeOnLoad (2ms)
				ProcessInitializeOnLoadAttributes (183ms)
				ProcessInitializeOnLoadMethodAttributes (69ms)
				AfterProcessingInitializeOnLoad (0ms)
				EditorAssembliesLoaded (0ms)
			ExecutionOrderSort2 (0ms)
			AwakeInstancesAfterBackupRestoration (0ms)
Platform modules already initialized, skipping
Registering precompiled user dll's ...
Registered in 0.009174 seconds.
Begin MonoManager ReloadAssembly
Native extension for WindowsStandalone target not found
Refreshing native plugins compatible for Editor in 102.19 ms, found 3 plugins.
Preloading 0 native plugins for Editor in 0.00 ms.
Package Manager log level set to [2]
[Package Manager] Server::EnsureServerProcessIsRunning -- launch failed, reason: Unity was launched with the -noUpm command-line argument
[Package Manager] Cannot connect to Unity Package Manager local server
Mono: successfully reloaded assembly
- Completed reload, in  2.051 seconds
Domain Reload Profiling:
	ReloadAssembly (2052ms)
		BeginReloadAssembly (174ms)
			ExecutionOrderSort (0ms)
			DisableScriptedObjects (8ms)
			BackupInstance (0ms)
			ReleaseScriptingObjects (0ms)
			CreateAndSetChildDomain (25ms)
		EndReloadAssembly (1728ms)
			LoadAssemblies (138ms)
			RebuildTransferFunctionScriptingTraits (0ms)
			SetupTypeCache (318ms)
			ReleaseScriptCaches (1ms)
			RebuildScriptCaches (95ms)
			SetupLoadedEditorAssemblies (1143ms)
				LogAssemblyErrors (0ms)
				InitializePlatformSupportModulesInManaged (6ms)
				SetLoadedEditorAssemblies (0ms)
				RefreshPlugins (102ms)
				BeforeProcessingInitializeOnLoad (154ms)
				ProcessInitializeOnLoadAttributes (745ms)
				ProcessInitializeOnLoadMethodAttributes (122ms)
				AfterProcessingInitializeOnLoad (14ms)
				EditorAssembliesLoaded (0ms)
			ExecutionOrderSort2 (0ms)
			AwakeInstancesAfterBackupRestoration (11ms)
Platform modules already initialized, skipping
========================================================================
Worker process is ready to serve import requests
Launched and connected shader compiler UnityShaderCompiler.exe after 0.07 seconds
Refreshing native plugins compatible for Editor in 1.79 ms, found 3 plugins.
Preloading 0 native plugins for Editor in 0.00 ms.
Unloading 4592 Unused Serialized files (Serialized files now loaded: 0)
Unloading 39 unused Assets / (0.7 MB). Loaded Objects now: 5049.
Memory consumption went from 203.4 MB to 202.7 MB.
Total: 6.758700 ms (FindLiveObjects: 0.548500 ms CreateObjectMapping: 0.201400 ms MarkObjects: 5.529100 ms  DeleteObjects: 0.478300 ms)

AssetImportParameters requested are different than current active one (requested -> active):
  custom:video-decoder-ogg-theora: a1e56fd34408186e4bbccfd4996cb3dc -> 
  custom:container-muxer-webm: aa71ff27fc2769a1b78a27578f13a17b -> 
  custom:container-demuxer-webm: 4f35f7cbe854078d1ac9338744f61a02 -> 
  custom:video-encoder-webm-vp8: eb34c28f22e8b96e1ab97ce403110664 -> 
  custom:CustomObjectIndexerAttribute: 6b0e35c9178b02a6363f3721b7b8e397 -> 
  custom:audio-encoder-webm-vorbis: bf7c407c2cedff20999df2af8eb42d56 -> 
  custom:framework-win-MediaFoundation: 216162199b28c13a410421893ffa2e32 -> 
  custom:SearchIndexIgnoredProperties: e643bd26f0fe6173181afceb89e7c659 -> 
  custom:container-demuxer-ogg: 62fdf1f143b41e24485cea50d1cbac27 -> 
  custom:video-decoder-webm-vp8: 9c59270c3fd7afecdb556c50c9e8de78 -> 
  custom:audio-decoder-ogg-vorbis: bf7c407c2cedff20999df2af8eb42d56 -> 
========================================================================
Received Import Request.
  Time since last request: 173294.173820 seconds.
  path: Assets/Sprites/Background/Background/BG_Ice Cave Assets/Ice Cave New2.png
  artifactKey: Guid(3247a1aa52a99d24692fc9d9520a7d9c) Importer(815301076,1909f56bfc062723c751e8b465ee728b)
Number of updated assets reloaded before import = 0
Start importing Assets/Sprites/Background/Background/BG_Ice Cave Assets/Ice Cave New2.png using Guid(3247a1aa52a99d24692fc9d9520a7d9c) Importer(815301076,1909f56bfc062723c751e8b465ee728b)  -> (artifact id: '07573eb4b418ffd13b6235a2b62a2be6') in 0.213062 seconds 
Number of asset objects unloaded after import = 3
========================================================================
Received Import Request.
  Time since last request: 0.000027 seconds.
  path: Assets/Sprites/Background/Background/BG_Ice Cave Assets/Palette4 test.png
  artifactKey: Guid(8cbd69c162b9d71468fa904c2c84be07) Importer(815301076,1909f56bfc062723c751e8b465ee728b)
Number of updated assets reloaded before import = 0
Start importing Assets/Sprites/Background/Background/BG_Ice Cave Assets/Palette4 test.png using Guid(8cbd69c162b9d71468fa904c2c84be07) Importer(815301076,1909f56bfc062723c751e8b465ee728b)  -> (artifact id: '5e3008e60006f83b52a58d87d6b780c2') in 0.030308 seconds 
Number of asset objects unloaded after import = 3
========================================================================
Received Import Request.
  Time since last request: 19.974011 seconds.
  path: Assets/Sprites/Background/Background/BG_Magma Forge Assets/bg-tilesdark-rocks_spritesheet.png
  artifactKey: Guid(cf235989db3ee5b4f920612a2c98a352) Importer(815301076,1909f56bfc062723c751e8b465ee728b)
Number of updated assets reloaded before import = 0
Start importing Assets/Sprites/Background/Background/BG_Magma Forge Assets/bg-tilesdark-rocks_spritesheet.png using Guid(cf235989db3ee5b4f920612a2c98a352) Importer(815301076,1909f56bfc062723c751e8b465ee728b)  -> (artifact id: '3bea5121825a0938d6f5c0bed683a03f') in 0.031717 seconds 
Number of asset objects unloaded after import = 3
========================================================================
Received Import Request.
  Time since last request: 0.000019 seconds.
  path: Assets/Sprites/Background/Background/BG_Magma Forge Assets/Magma_Forge_index.png
  artifactKey: Guid(aeb63cddb15c1f642a7cfa05d9fe88cb) Importer(815301076,1909f56bfc062723c751e8b465ee728b)
Number of updated assets reloaded before import = 0
Start importing Assets/Sprites/Background/Background/BG_Magma Forge Assets/Magma_Forge_index.png using Guid(aeb63cddb15c1f642a7cfa05d9fe88cb) Importer(815301076,1909f56bfc062723c751e8b465ee728b)  -> (artifact id: 'ce31493df454c4055f5d802b773664c4') in 0.047079 seconds 
Number of asset objects unloaded after import = 3
========================================================================
Received Import Request.
  Time since last request: 1.444187 seconds.
  path: Assets/Sprites/Background/Background/BG_Magma Forge Assets/Samples and Screenshots/Dorven_bg-Magma-Forge_bgwithout-pipes.png
  artifactKey: Guid(ff51593e772371f4c9e69aa229504f6e) Importer(815301076,1909f56bfc062723c751e8b465ee728b)
Number of updated assets reloaded before import = 0
Start importing Assets/Sprites/Background/Background/BG_Magma Forge Assets/Samples and Screenshots/Dorven_bg-Magma-Forge_bgwithout-pipes.png using Guid(ff51593e772371f4c9e69aa229504f6e) Importer(815301076,1909f56bfc062723c751e8b465ee728b)  -> (artifact id: '2eb9cc4d2dc2f809db8b3f729a9946c5') in 0.082511 seconds 
Number of asset objects unloaded after import = 3
========================================================================
Received Import Request.
  Time since last request: 0.000028 seconds.
  path: Assets/Sprites/Background/Background/BG_Magma Forge Assets/Samples and Screenshots/rock-formation3_sample.png
  artifactKey: Guid(191e004826836dd4f945c56ffc7baf2c) Importer(815301076,1909f56bfc062723c751e8b465ee728b)
Number of updated assets reloaded before import = 0
Start importing Assets/Sprites/Background/Background/BG_Magma Forge Assets/Samples and Screenshots/rock-formation3_sample.png using Guid(191e004826836dd4f945c56ffc7baf2c) Importer(815301076,1909f56bfc062723c751e8b465ee728b)  -> (artifact id: '9d17bf6ad665264a0665cd6bb1842722') in 0.148244 seconds 
Number of asset objects unloaded after import = 3
========================================================================
Received Import Request.
  Time since last request: 0.000033 seconds.
  path: Assets/Sprites/Background/Background/BG_Magma Forge Assets/Samples and Screenshots/Dorven_bg-Magma-Forge_sample.png
  artifactKey: Guid(5d62d30765028b14ca71738dc440e2bc) Importer(815301076,1909f56bfc062723c751e8b465ee728b)
Number of updated assets reloaded before import = 0
Start importing Assets/Sprites/Background/Background/BG_Magma Forge Assets/Samples and Screenshots/Dorven_bg-Magma-Forge_sample.png using Guid(5d62d30765028b14ca71738dc440e2bc) Importer(815301076,1909f56bfc062723c751e8b465ee728b)  -> (artifact id: '82d2429918689b83ff273c40a2dcf694') in 0.037001 seconds 
Number of asset objects unloaded after import = 3
========================================================================
Received Import Request.
  Time since last request: 0.000024 seconds.
  path: Assets/Sprites/Background/Background/BG_Magma Forge Assets/Samples and Screenshots/Dorven_bg-Magma-Forge_wip.png
  artifactKey: Guid(9340d394c11153c41bb427003b8b0de6) Importer(815301076,1909f56bfc062723c751e8b465ee728b)
Number of updated assets reloaded before import = 0
Start importing Assets/Sprites/Background/Background/BG_Magma Forge Assets/Samples and Screenshots/Dorven_bg-Magma-Forge_wip.png using Guid(9340d394c11153c41bb427003b8b0de6) Importer(815301076,1909f56bfc062723c751e8b465ee728b)  -> (artifact id: '7ac8362ac0b558b9baf07f23fb968cc0') in 0.167050 seconds 
Number of asset objects unloaded after import = 3
========================================================================
Received Import Request.
  Time since last request: 0.000024 seconds.
  path: Assets/Sprites/Background/Background/BG_Magma Forge Assets/Samples and Screenshots/rock-formation3_sample2.png
  artifactKey: Guid(058402e5c0672154c823043843d611b9) Importer(815301076,1909f56bfc062723c751e8b465ee728b)
Number of updated assets reloaded before import = 0
Start importing Assets/Sprites/Background/Background/BG_Magma Forge Assets/Samples and Screenshots/rock-formation3_sample2.png using Guid(058402e5c0672154c823043843d611b9) Importer(815301076,1909f56bfc062723c751e8b465ee728b)  -> (artifact id: '469d0f06f406e24805e1a9a4b6de1422') in 0.042479 seconds 
Number of asset objects unloaded after import = 3
========================================================================
Received Import Request.
  Time since last request: 16.619205 seconds.
  path: Assets/Sprites/Gems/gemsheen_6colors_256_GrafX2.png
  artifactKey: Guid(d5b3c6b5c0ebfca46852cc90a5767c74) Importer(815301076,1909f56bfc062723c751e8b465ee728b)
Number of updated assets reloaded before import = 0
Start importing Assets/Sprites/Gems/gemsheen_6colors_256_GrafX2.png using Guid(d5b3c6b5c0ebfca46852cc90a5767c74) Importer(815301076,1909f56bfc062723c751e8b465ee728b)  -> (artifact id: 'f165e900f81b719807f7e2c1dbcdbd94') in 0.028959 seconds 
Number of asset objects unloaded after import = 3
========================================================================
Received Import Request.
  Time since last request: 0.000029 seconds.
  path: Assets/Sprites/Gems/metalsheen_6colors_256_GrafX2.png
  artifactKey: Guid(15f26d7593228b545b94a92ae05d54c4) Importer(815301076,1909f56bfc062723c751e8b465ee728b)
Number of updated assets reloaded before import = 0
Start importing Assets/Sprites/Gems/metalsheen_6colors_256_GrafX2.png using Guid(15f26d7593228b545b94a92ae05d54c4) Importer(815301076,1909f56bfc062723c751e8b465ee728b)  -> (artifact id: '8eaa4852ac673c5ebff85692ac2c3604') in 0.030240 seconds 
Number of asset objects unloaded after import = 3
========================================================================
Received Import Request.
  Time since last request: 7.932798 seconds.
  path: Assets/Sprites/Player Character/Player Character/cannon_southwest_16_GrafX2.png
  artifactKey: Guid(cc412b51bb34a2e448c6e2128e2076cd) Importer(815301076,1909f56bfc062723c751e8b465ee728b)
Number of updated assets reloaded before import = 0
Start importing Assets/Sprites/Player Character/Player Character/cannon_southwest_16_GrafX2.png using Guid(cc412b51bb34a2e448c6e2128e2076cd) Importer(815301076,1909f56bfc062723c751e8b465ee728b)  -> (artifact id: 'b8acd5812a8b5b2a0c23e8624c8f63b3') in 0.032431 seconds 
Number of asset objects unloaded after import = 3
========================================================================
Received Import Request.
  Time since last request: 0.000021 seconds.
  path: Assets/Sprites/Player Character/Player Character/P1_angry_16_GrafX2.png
  artifactKey: Guid(b9eaf20899d31df49ae9456fd3a5213a) Importer(815301076,1909f56bfc062723c751e8b465ee728b)
Number of updated assets reloaded before import = 0
Start importing Assets/Sprites/Player Character/Player Character/P1_angry_16_GrafX2.png using Guid(b9eaf20899d31df49ae9456fd3a5213a) Importer(815301076,1909f56bfc062723c751e8b465ee728b)  -> (artifact id: 'd9f1cf94504dda15a3389f9f89d64ab2') in 0.053790 seconds 
Number of asset objects unloaded after import = 3
========================================================================
Received Import Request.
  Time since last request: 0.000034 seconds.
  path: Assets/Sprites/Player Character/Player Character/P2_prototype_16_GrafX2.png
  artifactKey: Guid(2a498721e2829654e8cb8858300fe736) Importer(815301076,1909f56bfc062723c751e8b465ee728b)
Number of updated assets reloaded before import = 0
Start importing Assets/Sprites/Player Character/Player Character/P2_prototype_16_GrafX2.png using Guid(2a498721e2829654e8cb8858300fe736) Importer(815301076,1909f56bfc062723c751e8b465ee728b)  -> (artifact id: 'f7e52a553d4371d62b97d4cbf8a64f28') in 0.039544 seconds 
Number of asset objects unloaded after import = 3
Editor requested this worker to shutdown with reason: Scaling down because of idle timeout
AssetImportWorker is now disconnected from the server
Process exiting
Exiting without the bug reporter. Application will terminate with return code 0