Using pre-set license
Built from '2021.3/staging' branch; Version is '2021.3.35f1 (157b46ce122a) revision 1407814'; Using compiler version '192829333'; Build Type 'Release'
OS: 'Windows 10  (10.0.19045) 64bit Professional' Language: 'en' Physical Memory: 32716 MB
BatchMode: 1, IsHumanControllingUs: 0, StartBugReporterOnCrash: 0, Is64bit: 1, IsPro: 1

COMMAND LINE ARGUMENTS:
C:\Program Files\Unity 2021.3.35f1\Editor\Unity.exe
-adb2
-batchMode
-noUpm
-name
AssetImportWorker8
-projectPath
C:/Users/Shinobu/Downloads/Compressed/Mega-Cat-Dev-Screening/Mega-Cat-Dev-Screening
-logFile
Logs/AssetImportWorker8.log
-srvPort
55947
Successfully changed project path to: C:/Users/Shinobu/Downloads/Compressed/Mega-Cat-Dev-Screening/Mega-Cat-Dev-Screening
C:/Users/Shinobu/Downloads/Compressed/Mega-Cat-Dev-Screening/Mega-Cat-Dev-Screening
[UnityMemory] Configuration Parameters - Can be set up in boot.config
    "memorysetup-bucket-allocator-granularity=16"
    "memorysetup-bucket-allocator-bucket-count=8"
    "memorysetup-bucket-allocator-block-size=33554432"
    "memorysetup-bucket-allocator-block-count=8"
    "memorysetup-main-allocator-block-size=16777216"
    "memorysetup-thread-allocator-block-size=16777216"
    "memorysetup-gfx-main-allocator-block-size=16777216"
    "memorysetup-gfx-thread-allocator-block-size=16777216"
    "memorysetup-cache-allocator-block-size=4194304"
    "memorysetup-typetree-allocator-block-size=2097152"
    "memorysetup-profiler-bucket-allocator-granularity=16"
    "memorysetup-profiler-bucket-allocator-bucket-count=8"
    "memorysetup-profiler-bucket-allocator-block-size=33554432"
    "memorysetup-profiler-bucket-allocator-block-count=8"
    "memorysetup-profiler-allocator-block-size=16777216"
    "memorysetup-profiler-editor-allocator-block-size=1048576"
    "memorysetup-temp-allocator-size-main=16777216"
    "memorysetup-job-temp-allocator-block-size=2097152"
    "memorysetup-job-temp-allocator-block-size-background=1048576"
    "memorysetup-job-temp-allocator-reduction-small-platforms=262144"
    "memorysetup-temp-allocator-size-background-worker=32768"
    "memorysetup-temp-allocator-size-job-worker=262144"
    "memorysetup-temp-allocator-size-preload-manager=33554432"
    "memorysetup-temp-allocator-size-nav-mesh-worker=65536"
    "memorysetup-temp-allocator-size-audio-worker=65536"
    "memorysetup-temp-allocator-size-cloud-worker=32768"
    "memorysetup-temp-allocator-size-gi-baking-worker=262144"
    "memorysetup-temp-allocator-size-gfx=262144"
Player connection [24076] Host "[IP] 192.168.1.6 [Port] 0 [Flags] 2 [Guid] 2334748160 [EditorId] 2334748160 [Version] 1048832 [Id] WindowsEditor(7,DESKTOP-H8SGABQ) [Debug] 1 [PackageName] WindowsEditor [ProjectName] Editor" joined multi-casting on [225.0.0.222:54997]...

Player connection [24076] Host "[IP] 192.168.1.6 [Port] 0 [Flags] 2 [Guid] 2334748160 [EditorId] 2334748160 [Version] 1048832 [Id] WindowsEditor(7,DESKTOP-H8SGABQ) [Debug] 1 [PackageName] WindowsEditor [ProjectName] Editor" joined alternative multi-casting on [225.0.0.222:34997]...

[Physics::Module] Initialized MultithreadedJobDispatcher with {0} workers.
Refreshing native plugins compatible for Editor in 93.07 ms, found 3 plugins.
Preloading 0 native plugins for Editor in 0.00 ms.
Initialize engine version: 2021.3.35f1 (157b46ce122a)
[Subsystems] Discovering subsystems at path C:/Program Files/Unity 2021.3.35f1/Editor/Data/Resources/UnitySubsystems
[Subsystems] Discovering subsystems at path C:/Users/Shinobu/Downloads/Compressed/Mega-Cat-Dev-Screening/Mega-Cat-Dev-Screening/Assets
GfxDevice: creating device client; threaded=0; jobified=0
Direct3D:
    Version:  Direct3D 11.0 [level 11.1]
    Renderer: NVIDIA GeForce GTX 1660 SUPER (ID=0x21c4)
    Vendor:   NVIDIA
    VRAM:     5966 MB
    Driver:   31.0.15.5212
Initialize mono
Mono path[0] = 'C:/Program Files/Unity 2021.3.35f1/Editor/Data/Managed'
Mono path[1] = 'C:/Program Files/Unity 2021.3.35f1/Editor/Data/MonoBleedingEdge/lib/mono/unityjit-win32'
Mono config path = 'C:/Program Files/Unity 2021.3.35f1/Editor/Data/MonoBleedingEdge/etc'
Using monoOptions --debugger-agent=transport=dt_socket,embedding=1,server=y,suspend=n,address=127.0.0.1:56040
Begin MonoManager ReloadAssembly
Registering precompiled unity dll's ...
Register platform support module: C:/Program Files/Unity 2021.3.35f1/Editor/Data/PlaybackEngines/WindowsStandaloneSupport/UnityEditor.WindowsStandalone.Extensions.dll
Registered in 0.007949 seconds.
Native extension for WindowsStandalone target not found
Refreshing native plugins compatible for Editor in 96.31 ms, found 3 plugins.
Preloading 0 native plugins for Editor in 0.00 ms.
Mono: successfully reloaded assembly
- Completed reload, in  0.881 seconds
Domain Reload Profiling:
	ReloadAssembly (881ms)
		BeginReloadAssembly (159ms)
			ExecutionOrderSort (0ms)
			DisableScriptedObjects (0ms)
			BackupInstance (0ms)
			ReleaseScriptingObjects (0ms)
			CreateAndSetChildDomain (1ms)
		EndReloadAssembly (584ms)
			LoadAssemblies (155ms)
			RebuildTransferFunctionScriptingTraits (0ms)
			SetupTypeCache (136ms)
			ReleaseScriptCaches (0ms)
			RebuildScriptCaches (36ms)
			SetupLoadedEditorAssemblies (353ms)
				LogAssemblyErrors (0ms)
				InitializePlatformSupportModulesInManaged (10ms)
				SetLoadedEditorAssemblies (0ms)
				RefreshPlugins (96ms)
				BeforeProcessingInitializeOnLoad (2ms)
				ProcessInitializeOnLoadAttributes (178ms)
				ProcessInitializeOnLoadMethodAttributes (67ms)
				AfterProcessingInitializeOnLoad (0ms)
				EditorAssembliesLoaded (0ms)
			ExecutionOrderSort2 (0ms)
			AwakeInstancesAfterBackupRestoration (0ms)
Platform modules already initialized, skipping
Registering precompiled user dll's ...
Registered in 0.008778 seconds.
Begin MonoManager ReloadAssembly
Native extension for WindowsStandalone target not found
Refreshing native plugins compatible for Editor in 106.91 ms, found 3 plugins.
Preloading 0 native plugins for Editor in 0.00 ms.
Package Manager log level set to [2]
[Package Manager] Server::EnsureServerProcessIsRunning -- launch failed, reason: Unity was launched with the -noUpm command-line argument
[Package Manager] Cannot connect to Unity Package Manager local server
Mono: successfully reloaded assembly
- Completed reload, in  2.023 seconds
Domain Reload Profiling:
	ReloadAssembly (2024ms)
		BeginReloadAssembly (176ms)
			ExecutionOrderSort (0ms)
			DisableScriptedObjects (8ms)
			BackupInstance (0ms)
			ReleaseScriptingObjects (0ms)
			CreateAndSetChildDomain (22ms)
		EndReloadAssembly (1699ms)
			LoadAssemblies (142ms)
			RebuildTransferFunctionScriptingTraits (0ms)
			SetupTypeCache (307ms)
			ReleaseScriptCaches (1ms)
			RebuildScriptCaches (82ms)
			SetupLoadedEditorAssemblies (1142ms)
				LogAssemblyErrors (0ms)
				InitializePlatformSupportModulesInManaged (6ms)
				SetLoadedEditorAssemblies (0ms)
				RefreshPlugins (107ms)
				BeforeProcessingInitializeOnLoad (147ms)
				ProcessInitializeOnLoadAttributes (753ms)
				ProcessInitializeOnLoadMethodAttributes (116ms)
				AfterProcessingInitializeOnLoad (13ms)
				EditorAssembliesLoaded (0ms)
			ExecutionOrderSort2 (0ms)
			AwakeInstancesAfterBackupRestoration (10ms)
Platform modules already initialized, skipping
========================================================================
Worker process is ready to serve import requests
Launched and connected shader compiler UnityShaderCompiler.exe after 0.05 seconds
Refreshing native plugins compatible for Editor in 0.89 ms, found 3 plugins.
Preloading 0 native plugins for Editor in 0.00 ms.
Unloading 4592 Unused Serialized files (Serialized files now loaded: 0)
Unloading 39 unused Assets / (0.7 MB). Loaded Objects now: 5049.
Memory consumption went from 203.3 MB to 202.6 MB.
Total: 4.703000 ms (FindLiveObjects: 0.425500 ms CreateObjectMapping: 0.135700 ms MarkObjects: 3.775800 ms  DeleteObjects: 0.364600 ms)

AssetImportParameters requested are different than current active one (requested -> active):
  custom:video-decoder-ogg-theora: a1e56fd34408186e4bbccfd4996cb3dc -> 
  custom:container-muxer-webm: aa71ff27fc2769a1b78a27578f13a17b -> 
  custom:container-demuxer-webm: 4f35f7cbe854078d1ac9338744f61a02 -> 
  custom:video-encoder-webm-vp8: eb34c28f22e8b96e1ab97ce403110664 -> 
  custom:CustomObjectIndexerAttribute: 6b0e35c9178b02a6363f3721b7b8e397 -> 
  custom:audio-encoder-webm-vorbis: bf7c407c2cedff20999df2af8eb42d56 -> 
  custom:framework-win-MediaFoundation: 216162199b28c13a410421893ffa2e32 -> 
  custom:SearchIndexIgnoredProperties: e643bd26f0fe6173181afceb89e7c659 -> 
  custom:container-demuxer-ogg: 62fdf1f143b41e24485cea50d1cbac27 -> 
  custom:video-decoder-webm-vp8: 9c59270c3fd7afecdb556c50c9e8de78 -> 
  custom:audio-decoder-ogg-vorbis: bf7c407c2cedff20999df2af8eb42d56 -> 
========================================================================
Received Import Request.
  Time since last request: 173333.083608 seconds.
  path: Assets/Sprites/Gems/basetargets_6colors_256_GrafX2.png
  artifactKey: Guid(0024297d5e17c3d43afb13a9cc00a2b5) Importer(815301076,1909f56bfc062723c751e8b465ee728b)
Number of updated assets reloaded before import = 0
Start importing Assets/Sprites/Gems/basetargets_6colors_256_GrafX2.png using Guid(0024297d5e17c3d43afb13a9cc00a2b5) Importer(815301076,1909f56bfc062723c751e8b465ee728b)  -> (artifact id: 'e0f76724ea522da722a96115de5ddf7d') in 0.223272 seconds 
Number of asset objects unloaded after import = 3
========================================================================
Received Import Request.
  Time since last request: 1.123226 seconds.
  path: Assets/Sprites/Player Character/Canary-Sprite-Sheet.png
  artifactKey: Guid(5bc074040ee821746a240483a6fe493f) Importer(815301076,1909f56bfc062723c751e8b465ee728b)
Number of updated assets reloaded before import = 0
Start importing Assets/Sprites/Player Character/Canary-Sprite-Sheet.png using Guid(5bc074040ee821746a240483a6fe493f) Importer(815301076,1909f56bfc062723c751e8b465ee728b)  -> (artifact id: 'da3fd35cce001d5b5250b88c0bbb56cb') in 0.046809 seconds 
Number of asset objects unloaded after import = 3
========================================================================
Received Import Request.
  Time since last request: 5.277024 seconds.
  path: Assets/Sprites/Player Character/Drunken Elf Sprite Sheet
  artifactKey: Guid(01eb0790c2bdd6242b81690a3870f090) Importer(815301076,1909f56bfc062723c751e8b465ee728b)
Number of updated assets reloaded before import = 0
Start importing Assets/Sprites/Player Character/Drunken Elf Sprite Sheet using Guid(01eb0790c2bdd6242b81690a3870f090) Importer(815301076,1909f56bfc062723c751e8b465ee728b)  -> (artifact id: '7eb559d70eab28a0ee19a9eac005b39d') in 0.009529 seconds 
Number of asset objects unloaded after import = 0
========================================================================
Received Import Request.
  Time since last request: 0.272582 seconds.
  path: Assets/Sprites/Player Character/Miser Sprite Sheets _ Gif
  artifactKey: Guid(ed2030e706e16f4499d7ca1fd3fea65a) Importer(815301076,1909f56bfc062723c751e8b465ee728b)
Number of updated assets reloaded before import = 0
Start importing Assets/Sprites/Player Character/Miser Sprite Sheets _ Gif using Guid(ed2030e706e16f4499d7ca1fd3fea65a) Importer(815301076,1909f56bfc062723c751e8b465ee728b)  -> (artifact id: '146754e1c6cb5178b7320044db1e4a87') in 0.009799 seconds 
Number of asset objects unloaded after import = 0
========================================================================
Received Import Request.
  Time since last request: 0.293820 seconds.
  path: Assets/Sprites/Player Character/Player Character
  artifactKey: Guid(cfcbe34a4f846e84d92ca91457e7b37a) Importer(815301076,1909f56bfc062723c751e8b465ee728b)
Number of updated assets reloaded before import = 0
Start importing Assets/Sprites/Player Character/Player Character using Guid(cfcbe34a4f846e84d92ca91457e7b37a) Importer(815301076,1909f56bfc062723c751e8b465ee728b)  -> (artifact id: '2b8ddfcd8f3919b256a63680a3d3119f') in 0.009392 seconds 
Number of asset objects unloaded after import = 0
========================================================================
Received Import Request.
  Time since last request: 0.706119 seconds.
  path: Assets/Sprites/Player Character/Player Character/cannon_northeast_16_GrafX2.png
  artifactKey: Guid(ce6ea4a2b27274740ab6d1741c1da1ab) Importer(815301076,1909f56bfc062723c751e8b465ee728b)
Number of updated assets reloaded before import = 0
Start importing Assets/Sprites/Player Character/Player Character/cannon_northeast_16_GrafX2.png using Guid(ce6ea4a2b27274740ab6d1741c1da1ab) Importer(815301076,1909f56bfc062723c751e8b465ee728b)  -> (artifact id: 'b074ed19d2f67243e6e14309b8ad624e') in 0.033278 seconds 
Number of asset objects unloaded after import = 3
========================================================================
Received Import Request.
  Time since last request: 0.000019 seconds.
  path: Assets/Sprites/Player Character/Player Character/P2_angry_16_GrafX2.png
  artifactKey: Guid(8d4317391816a3f47afdca348c2f83a5) Importer(815301076,1909f56bfc062723c751e8b465ee728b)
Number of updated assets reloaded before import = 0
Start importing Assets/Sprites/Player Character/Player Character/P2_angry_16_GrafX2.png using Guid(8d4317391816a3f47afdca348c2f83a5) Importer(815301076,1909f56bfc062723c751e8b465ee728b)  -> (artifact id: 'a3f08bf39ac1a814b46b8ab6e71d144b') in 0.034306 seconds 
Number of asset objects unloaded after import = 3
========================================================================
Received Import Request.
  Time since last request: 0.000034 seconds.
  path: Assets/Sprites/Player Character/Player Character/P2_levers_16_GrafX2.png
  artifactKey: Guid(b8d15b7bbc9888d44976ba204e0abef2) Importer(815301076,1909f56bfc062723c751e8b465ee728b)
Number of updated assets reloaded before import = 0
Start importing Assets/Sprites/Player Character/Player Character/P2_levers_16_GrafX2.png using Guid(b8d15b7bbc9888d44976ba204e0abef2) Importer(815301076,1909f56bfc062723c751e8b465ee728b)  -> (artifact id: '5dcfefa1bc6c0f31c609b52f53075338') in 0.049537 seconds 
Number of asset objects unloaded after import = 3
========================================================================
Received Import Request.
  Time since last request: 39.167923 seconds.
  path: Assets/Sprites/Player Character/Player Character/cannon_northeast_16_GrafX2.png
  artifactKey: Guid(ce6ea4a2b27274740ab6d1741c1da1ab) Importer(-1,00000000000000000000000000000000)
Number of updated assets reloaded before import = 0
Start importing Assets/Sprites/Player Character/Player Character/cannon_northeast_16_GrafX2.png using Guid(ce6ea4a2b27274740ab6d1741c1da1ab) Importer(-1,00000000000000000000000000000000)  -> (artifact id: '4431b29b8441eaafc6e00d81ffbb98eb') in 0.052709 seconds 
Number of asset objects unloaded after import = 0
========================================================================
Received Import Request.
  Time since last request: 0.074896 seconds.
  path: Assets/Sprites/Player Character/Player Character/cannon_northeast_16_GrafX2.png
  artifactKey: Guid(ce6ea4a2b27274740ab6d1741c1da1ab) Importer(815301076,1909f56bfc062723c751e8b465ee728b)
Number of updated assets reloaded before import = 0
Start importing Assets/Sprites/Player Character/Player Character/cannon_northeast_16_GrafX2.png using Guid(ce6ea4a2b27274740ab6d1741c1da1ab) Importer(815301076,1909f56bfc062723c751e8b465ee728b)  -> (artifact id: 'b52464af1d50776c0c59688fa93d34ac') in 0.020628 seconds 
Number of asset objects unloaded after import = 2
========================================================================
Received Import Request.
  Time since last request: 5.758793 seconds.
  path: Assets/Sprites/Player Character/Player Character/cannon_northeast_16_GrafX2.png
  artifactKey: Guid(ce6ea4a2b27274740ab6d1741c1da1ab) Importer(-1,00000000000000000000000000000000)
Number of updated assets reloaded before import = 0
Start importing Assets/Sprites/Player Character/Player Character/cannon_northeast_16_GrafX2.png using Guid(ce6ea4a2b27274740ab6d1741c1da1ab) Importer(-1,00000000000000000000000000000000)  -> (artifact id: 'a549a84fafbae1db5496d70b941b4643') in 0.053911 seconds 
Number of asset objects unloaded after import = 0
========================================================================
Received Import Request.
  Time since last request: 0.081091 seconds.
  path: Assets/Sprites/Player Character/Player Character/cannon_northeast_16_GrafX2.png
  artifactKey: Guid(ce6ea4a2b27274740ab6d1741c1da1ab) Importer(815301076,1909f56bfc062723c751e8b465ee728b)
Number of updated assets reloaded before import = 0
Start importing Assets/Sprites/Player Character/Player Character/cannon_northeast_16_GrafX2.png using Guid(ce6ea4a2b27274740ab6d1741c1da1ab) Importer(815301076,1909f56bfc062723c751e8b465ee728b)  -> (artifact id: '78ffff091bd28ec580eb9ab36f1acf6c') in 0.070101 seconds 
Number of asset objects unloaded after import = 11
========================================================================
Received Import Request.
  Time since last request: 108.032850 seconds.
  path: Assets/Sprites/Player Character/Tactician Sprite Sheet/cannon_northeast_16_GrafX2.png
  artifactKey: Guid(97e85341d765bae42ae4bc2ff80ba967) Importer(815301076,1909f56bfc062723c751e8b465ee728b)
Number of updated assets reloaded before import = 0
Start importing Assets/Sprites/Player Character/Tactician Sprite Sheet/cannon_northeast_16_GrafX2.png using Guid(97e85341d765bae42ae4bc2ff80ba967) Importer(815301076,1909f56bfc062723c751e8b465ee728b)  -> (artifact id: '8290d38ea065be848a81be695f408ab8') in 0.028589 seconds 
Number of asset objects unloaded after import = 3
========================================================================
Received Import Request.
  Time since last request: 0.000029 seconds.
  path: Assets/Sprites/Player Character/Tactician Sprite Sheet/cannon_southwest_16_GrafX2.png
  artifactKey: Guid(ebac49d9741f6a44ea35a01a50fc317f) Importer(815301076,1909f56bfc062723c751e8b465ee728b)
Number of updated assets reloaded before import = 0
Start importing Assets/Sprites/Player Character/Tactician Sprite Sheet/cannon_southwest_16_GrafX2.png using Guid(ebac49d9741f6a44ea35a01a50fc317f) Importer(815301076,1909f56bfc062723c751e8b465ee728b)  -> (artifact id: '5dc31e4f10fe6570f510481b48addf52') in 0.031479 seconds 
Number of asset objects unloaded after import = 3
========================================================================
Received Import Request.
  Time since last request: 0.000022 seconds.
  path: Assets/Sprites/Player Character/Tactician Sprite Sheet/machine_pieces_strip_16_Grafx2.png
  artifactKey: Guid(1ec75be804fee4b4eb0dd49e31229c54) Importer(815301076,1909f56bfc062723c751e8b465ee728b)
Number of updated assets reloaded before import = 0
Start importing Assets/Sprites/Player Character/Tactician Sprite Sheet/machine_pieces_strip_16_Grafx2.png using Guid(1ec75be804fee4b4eb0dd49e31229c54) Importer(815301076,1909f56bfc062723c751e8b465ee728b)  -> (artifact id: '8a2ae8df52cbd18763dec51be82e00a3') in 0.026638 seconds 
Number of asset objects unloaded after import = 3
========================================================================
Received Import Request.
  Time since last request: 0.000027 seconds.
  path: Assets/Sprites/Player Character/Tactician Sprite Sheet/Dorven-Characters-Animation-Tactitian.gif
  artifactKey: Guid(153d5b7d1a0a7414d95558452dffde12) Importer(815301076,1909f56bfc062723c751e8b465ee728b)
Number of updated assets reloaded before import = 0
Start importing Assets/Sprites/Player Character/Tactician Sprite Sheet/Dorven-Characters-Animation-Tactitian.gif using Guid(153d5b7d1a0a7414d95558452dffde12) Importer(815301076,1909f56bfc062723c751e8b465ee728b)  -> (artifact id: 'a452de53a6d903eee5dd9e1c13a4dbb7') in 0.056378 seconds 
Number of asset objects unloaded after import = 3
========================================================================
Received Import Request.
  Time since last request: 0.000033 seconds.
  path: Assets/Sprites/Player Character/Tactician Sprite Sheet/Palette2.png
  artifactKey: Guid(bdcbea9a9639693448fb0e8d0a81e951) Importer(815301076,1909f56bfc062723c751e8b465ee728b)
Number of updated assets reloaded before import = 0
Start importing Assets/Sprites/Player Character/Tactician Sprite Sheet/Palette2.png using Guid(bdcbea9a9639693448fb0e8d0a81e951) Importer(815301076,1909f56bfc062723c751e8b465ee728b)  -> (artifact id: '7b10b0e9a65e09f28ba409f87d7f180c') in 0.047425 seconds 
Number of asset objects unloaded after import = 3
Editor requested this worker to shutdown with reason: Scaling down because of idle timeout
AssetImportWorker is now disconnected from the server
Process exiting
Exiting without the bug reporter. Application will terminate with return code 0